<?xml version="1.0" encoding="UTF-8"?>
<!-- Generated by org.testng.reporters.JUnitReportReporter -->
<testsuite hostname="DESKTOP-DB6NLOV" failures="0" tests="1" name="businessscript.SeleniumProg" time="38.767" errors="0" timestamp="2024-07-04T17:06:38 IST" skipped="0">
  <testcase classname="businessscript.SeleniumProg" name="hardwork" time="38.767"/>
</testsuite> <!-- businessscript.SeleniumProg -->
